Determining if the pthread_create exist failed with the following output:
Change Dir: /home/prateek/fall_19/16782/AV_Planning/AV_Planning/build/CMakeFiles/CMakeTmp

Run Build Command:"/usr/bin/make" "cmTC_21a0d/fast"
/usr/bin/make -f CMakeFiles/cmTC_21a0d.dir/build.make CMakeFiles/cmTC_21a0d.dir/build
make[1]: Entering directory '/home/prateek/fall_19/16782/AV_Planning/AV_Planning/build/CMakeFiles/CMakeTmp'
Building C object CMakeFiles/cmTC_21a0d.dir/CheckSymbolExists.c.o
/usr/bin/cc     -o CMakeFiles/cmTC_21a0d.dir/CheckSymbolExists.c.o   -c /home/prateek/fall_19/16782/AV_Planning/AV_Planning/build/CMakeFiles/CMakeTmp/CheckSymbolExists.c
Linking C executable cmTC_21a0d
/usr/bin/cmake -E cmake_link_script CMakeFiles/cmTC_21a0d.dir/link.txt --verbose=1
/usr/bin/cc       CMakeFiles/cmTC_21a0d.dir/CheckSymbolExists.c.o  -o cmTC_21a0d -rdynamic 
CMakeFiles/cmTC_21a0d.dir/CheckSymbolExists.c.o: In function `main':
CheckSymbolExists.c:(.text+0x16): undefined reference to `pthread_create'
collect2: error: ld returned 1 exit status
CMakeFiles/cmTC_21a0d.dir/build.make:97: recipe for target 'cmTC_21a0d' failed
make[1]: *** [cmTC_21a0d] Error 1
make[1]: Leaving directory '/home/prateek/fall_19/16782/AV_Planning/AV_Planning/build/CMakeFiles/CMakeTmp'
Makefile:126: recipe for target 'cmTC_21a0d/fast' failed
make: *** [cmTC_21a0d/fast] Error 2

File /home/prateek/fall_19/16782/AV_Planning/AV_Planning/build/CMakeFiles/CMakeTmp/CheckSymbolExists.c:
/* */
#include <pthread.h>

int main(int argc, char** argv)
{
  (void)argv;
#ifndef pthread_create
  return ((int*)(&pthread_create))[argc];
#else
  (void)argc;
  return 0;
#endif
}

Determining if the function pthread_create exists in the pthreads failed with the following output:
Change Dir: /home/prateek/fall_19/16782/AV_Planning/AV_Planning/build/CMakeFiles/CMakeTmp

Run Build Command:"/usr/bin/make" "cmTC_c325a/fast"
/usr/bin/make -f CMakeFiles/cmTC_c325a.dir/build.make CMakeFiles/cmTC_c325a.dir/build
make[1]: Entering directory '/home/prateek/fall_19/16782/AV_Planning/AV_Planning/build/CMakeFiles/CMakeTmp'
Building C object CMakeFiles/cmTC_c325a.dir/CheckFunctionExists.c.o
/usr/bin/cc    -DCHECK_FUNCTION_EXISTS=pthread_create   -o CMakeFiles/cmTC_c325a.dir/CheckFunctionExists.c.o   -c /usr/share/cmake-3.5/Modules/CheckFunctionExists.c
Linking C executable cmTC_c325a
/usr/bin/cmake -E cmake_link_script CMakeFiles/cmTC_c325a.dir/link.txt --verbose=1
/usr/bin/cc   -DCHECK_FUNCTION_EXISTS=pthread_create    CMakeFiles/cmTC_c325a.dir/CheckFunctionExists.c.o  -o cmTC_c325a -rdynamic -lpthreads 
/usr/bin/ld: cannot find -lpthreads
collect2: error: ld returned 1 exit status
CMakeFiles/cmTC_c325a.dir/build.make:97: recipe for target 'cmTC_c325a' failed
make[1]: *** [cmTC_c325a] Error 1
make[1]: Leaving directory '/home/prateek/fall_19/16782/AV_Planning/AV_Planning/build/CMakeFiles/CMakeTmp'
Makefile:126: recipe for target 'cmTC_c325a/fast' failed
make: *** [cmTC_c325a/fast] Error 2


